
                            < M A T L A B (R) >
                  Copyright 1984-2021 The MathWorks, Inc.
             R2021a Update 5 (9.10.0.1739362) 64-bit (glnxa64)
                               August 9, 2021

 
For online documentation, see https://www.mathworks.com/support
For product information, visit www.mathworks.com.
 
>> >> >> >> >> >> >> >> >> >> >> >> >> >> >> >> >> >> >> >> >> >> >> >> >> >> >> >> >> >> >> >> >> >> >> >> >> >> >> >> >> >> >> >> >> >> 
bb1 =

    0.0100

>> 
bb2 =

    0.0100

>> 
bb3 =

    0.0100

>> >> 
ans =

    10


ans =

   100

fdffdffdffdqqd
ans =

    0.7975


ans =

    0.7955


ans =

    0.1067


ans =

    0.1073


ans =

    10


ans =

    10

fdffdffdffdqqd
ans =

    0.7283


ans =

    0.7318


ans =

    0.1863


ans =

    0.1843


ans =

    10


ans =

     1

fdffdffdffdqqd
ans =

    0.6631


ans =

    0.6606


ans =

    0.2708


ans =

    0.2725


ans =

    10


ans =

    0.1000

fdffdffdffdqqd
ans =

    0.6288


ans =

    0.6227


ans =

    0.3047


ans =

    0.3058


ans =

    10


ans =

    0.0100

fdffdffdffdqqd
ans =

    0.6182


ans =

    0.6182


ans =

    0.3104


ans =

    0.3073


ans =

    10


ans =

   1.0000e-03

fdffdffdffdqqd
ans =

    0.6222


ans =

    0.6167


ans =

    0.3045


ans =

    0.3167


ans =

    10


ans =

   1.0000e-04

fdffdffdffdqqd
ans =

    0.6116


ans =

    0.6106


ans =

    0.3188


ans =

    0.3182

>> 