
                            < M A T L A B (R) >
                  Copyright 1984-2021 The MathWorks, Inc.
             R2021a Update 5 (9.10.0.1739362) 64-bit (glnxa64)
                               August 9, 2021

 
For online documentation, see https://www.mathworks.com/support
For product information, visit www.mathworks.com.
 
>> >> >> >> >> >> >> >> >> >> >> >> >> >> >> >> >> >> >> >> >> >> >> >> >> >> >> >> >> >> >> >> >> >> >> >> >> >> >> >> >> >> >> >> >> 
bb1 =

    0.1000

>> 
bb2 =

    0.1000

>> 
bb3 =

    0.1000

>> >> >> >> >> >> >> >> >> >> >> 
ans =

   100


ans =

   1.0000e-03

fdffdqqd
ans =

    0.1900


ans =

    0.1900


ans =

    0.9310


ans =

    0.9310

>> 